#
# There is insufficient memory for the Java Runtime Environment to continue.
# Native memory allocation (mmap) failed to map 251658240 bytes for Failed to commit area from 0x0000000711000000 to 0x0000000720000000 of length 251658240.
# Possible reasons:
#   The system is out of physical RAM or swap space
#   The process is running with CompressedOops enabled, and the Java Heap may be blocking the growth of the native heap
# Possible solutions:
#   Reduce memory load on the system
#   Increase physical memory or swap space
#   Check if swap backing store is full
#   Decrease Java heap size (-Xmx/-Xms)
#   Decrease number of Java threads
#   Decrease Java thread stack sizes (-Xss)
#   Set larger code cache with -XX:ReservedCodeCacheSize=
# This output file may be truncated or incomplete.
#
#  Out of Memory Error (./src/hotspot/os/windows/os_windows.cpp:3521), pid=17232, tid=12824
#
# JRE version:  (11.0.12+7) (build )
# Java VM: OpenJDK 64-Bit Server VM (11.0.12+7-b1504.40, mixed mode, sharing, tiered, compressed oops, g1 gc, windows-amd64)
# No core dump will be written. Minidumps are not enabled by default on client versions of Windows
#

---------------  S U M M A R Y ------------

Command Line: git4idea.http.GitAskPassApp Username for 'https://github.com': 

Host: AMD Ryzen 7 3700U with Radeon Vega Mobile Gfx  , 8 cores, 14G,  Windows 10 , 64 bit Build 19041 (10.0.19041.1348)
Time: Mon Nov 29 20:54:41 2021 中国标准时间 elapsed time: 0.013995 seconds (0d 0h 0m 0s)

---------------  T H R E A D  ---------------

Current thread (0x00000217c14ee800):  JavaThread "Unknown thread" [_thread_in_vm, id=12824, stack(0x00000057edf00000,0x00000057ee000000)]

Stack: [0x00000057edf00000,0x00000057ee000000]
Native frames: (J=compiled Java code, j=interpreted, Vv=VM code, C=native code)
V  [jvm.dll+0x5ff40a]
V  [jvm.dll+0x783b65]
V  [jvm.dll+0x78517d]
V  [jvm.dll+0x785833]
V  [jvm.dll+0x249408]
V  [jvm.dll+0x5fc7f4]
V  [jvm.dll+0x5f13c5]
V  [jvm.dll+0x3076bb]
V  [jvm.dll+0x30762a]
V  [jvm.dll+0x307502]
V  [jvm.dll+0x30c466]
V  [jvm.dll+0x355543]
V  [jvm.dll+0x355c46]
V  [jvm.dll+0x355643]
V  [jvm.dll+0x2e2018]
V  [jvm.dll+0x2e31c7]
V  [jvm.dll+0x761f57]
V  [jvm.dll+0x76374c]
V  [jvm.dll+0x362ab9]
V  [jvm.dll+0x7455be]
V  [jvm.dll+0x3cb673]
V  [jvm.dll+0x3cda21]
C  [jli.dll+0x536b]
C  [ucrtbase.dll+0x21bb2]
C  [KERNEL32.DLL+0x17034]
C  [ntdll.dll+0x52651]


---------------  P R O C E S S  ---------------

Threads class SMR info:
_java_thread_list=0x00000217bf321680, length=0, elements={
}

Java Threads: ( => current thread )

Other Threads:
  0x00000217c1502000 GCTaskThread "GC Thread#0" [stack: 0x00000057ee000000,0x00000057ee100000] [id=12240]
  0x00000217c155c000 ConcurrentGCThread "G1 Main Marker" [stack: 0x00000057ee100000,0x00000057ee200000] [id=6328]
  0x00000217c155f800 ConcurrentGCThread "G1 Conc#0" [stack: 0x00000057ee200000,0x00000057ee300000] [id=8560]

[error occurred during error reporting (printing all threads), id 0xc0000005, EXCEPTION_ACCESS_VIOLATION (0xc0000005) at pc=0x00007fff350527a7]

VM state:not at safepoint (not fully initialized)

VM Mutex/Monitor currently owned by a thread:  ([mutex/lock_event])
[0x00000217c14ed2e0] Heap_lock - owner thread: 0x00000217c14ee800

Heap address: 0x0000000711000000, size: 3824 MB, Compressed Oops mode: Non-zero based: 0x0000000711000000
Narrow klass base: 0x0000000000000000, Narrow klass shift: 0

GC Heap History (0 events):
No events

Deoptimization events (0 events):
No events

Classes redefined (0 events):
No events

Internal exceptions (0 events):
No events

Events (1 events):
Event: 0.008 Loaded shared library D:\JetBrains\IntelliJ IDEA 2021.2.3\jbr\bin\zip.dll


Dynamic libraries:
0x00007ff663120000 - 0x00007ff66312a000 	D:\JetBrains\IntelliJ IDEA 2021.2.3\jbr\bin\java.exe
0x00007fff58850000 - 0x00007fff58a45000 	C:\Windows\SYSTEM32\ntdll.dll
0x00007fff585a0000 - 0x00007fff5865e000 	C:\Windows\System32\KERNEL32.DLL
0x00007fff561e0000 - 0x00007fff564a8000 	C:\Windows\System32\KERNELBASE.dll
0x00007fff55fc0000 - 0x00007fff560c0000 	C:\Windows\System32\ucrtbase.dll
0x00007fff51360000 - 0x00007fff51377000 	D:\JetBrains\IntelliJ IDEA 2021.2.3\jbr\bin\VCRUNTIME140.dll
0x00007fff4d500000 - 0x00007fff4d519000 	D:\JetBrains\IntelliJ IDEA 2021.2.3\jbr\bin\jli.dll
0x00007fff58020000 - 0x00007fff581c1000 	C:\Windows\System32\USER32.dll
0x00007fff3e010000 - 0x00007fff3e2aa000 	C:\Windows\WinSxS\amd64_microsoft.windows.common-controls_6595b64144ccf1df_6.0.19041.1110_none_60b5254171f9507e\COMCTL32.dll
0x00007fff561b0000 - 0x00007fff561d2000 	C:\Windows\System32\win32u.dll
0x00007fff586c0000 - 0x00007fff586eb000 	C:\Windows\System32\GDI32.dll
0x00007fff58450000 - 0x00007fff584ee000 	C:\Windows\System32\msvcrt.dll
0x00007fff56790000 - 0x00007fff5689b000 	C:\Windows\System32\gdi32full.dll
0x00007fff564e0000 - 0x00007fff5657d000 	C:\Windows\System32\msvcp_win.dll
0x00007fff57860000 - 0x00007fff57890000 	C:\Windows\System32\IMM32.DLL
0x00007fff23960000 - 0x00007fff239fd000 	D:\JetBrains\IntelliJ IDEA 2021.2.3\jbr\bin\msvcp140.dll
0x00007fff34d60000 - 0x00007fff358b8000 	D:\JetBrains\IntelliJ IDEA 2021.2.3\jbr\bin\server\jvm.dll
0x00007fff56cb0000 - 0x00007fff56d5c000 	C:\Windows\System32\ADVAPI32.dll
0x00007fff57020000 - 0x00007fff570bb000 	C:\Windows\System32\sechost.dll
0x00007fff58320000 - 0x00007fff5844a000 	C:\Windows\System32\RPCRT4.dll
0x00007fff579c0000 - 0x00007fff579c8000 	C:\Windows\System32\PSAPI.DLL
0x00007fff4b440000 - 0x00007fff4b467000 	C:\Windows\SYSTEM32\WINMM.dll
0x00007fff3dcb0000 - 0x00007fff3dcb9000 	C:\Windows\SYSTEM32\WSOCK32.dll
0x00007fff4b470000 - 0x00007fff4b47a000 	C:\Windows\SYSTEM32\VERSION.dll
0x00007fff582b0000 - 0x00007fff5831b000 	C:\Windows\System32\WS2_32.dll
0x00007fff547f0000 - 0x00007fff54802000 	C:\Windows\SYSTEM32\kernel.appcore.dll
0x00007fff52ff0000 - 0x00007fff53001000 	D:\JetBrains\IntelliJ IDEA 2021.2.3\jbr\bin\verify.dll
0x00007fff54240000 - 0x00007fff54424000 	C:\Windows\SYSTEM32\DBGHELP.DLL
0x00007fff43750000 - 0x00007fff4377c000 	C:\Windows\SYSTEM32\dbgcore.DLL
0x00007fff56120000 - 0x00007fff561a3000 	C:\Windows\System32\bcryptPrimitives.dll
0x00007fff52fc0000 - 0x00007fff52fe9000 	D:\JetBrains\IntelliJ IDEA 2021.2.3\jbr\bin\java.dll
0x00007fff52fa0000 - 0x00007fff52fab000 	D:\JetBrains\IntelliJ IDEA 2021.2.3\jbr\bin\jimage.dll
0x00007fff52f80000 - 0x00007fff52f98000 	D:\JetBrains\IntelliJ IDEA 2021.2.3\jbr\bin\zip.dll

dbghelp: loaded successfully - version: 4.0.5 - missing functions: none
symbol engine: initialized successfully - sym options: 0x614 - pdb path: .;D:\JetBrains\IntelliJ IDEA 2021.2.3\jbr\bin;C:\Windows\SYSTEM32;C:\Windows\WinSxS\amd64_microsoft.windows.common-controls_6595b64144ccf1df_6.0.19041.1110_none_60b5254171f9507e;D:\JetBrains\IntelliJ IDEA 2021.2.3\jbr\bin\server

VM Arguments:
java_command: git4idea.http.GitAskPassApp Username for 'https://github.com': 
java_class_path (initial): D:/JetBrains/IntelliJ IDEA 2021.2.3/plugins/git4idea/lib/git4idea-rt.jar;D:/JetBrains/IntelliJ IDEA 2021.2.3/lib/3rd-party.jar
Launcher Type: SUN_STANDARD

[Global flags]
     intx CICompilerCount                          = 4                                         {product} {ergonomic}
     uint ConcGCThreads                            = 2                                         {product} {ergonomic}
     uint G1ConcRefinementThreads                  = 8                                         {product} {ergonomic}
   size_t G1HeapRegionSize                         = 1048576                                   {product} {ergonomic}
    uintx GCDrainStackTargetSize                   = 64                                        {product} {ergonomic}
   size_t InitialHeapSize                          = 251658240                                 {product} {ergonomic}
   size_t MarkStackSize                            = 4194304                                   {product} {ergonomic}
   size_t MaxHeapSize                              = 4009754624                                {product} {ergonomic}
   size_t MinHeapDeltaBytes                        = 1048576                                   {product} {ergonomic}
    uintx NonNMethodCodeHeapSize                   = 5836300                                {pd product} {ergonomic}
    uintx NonProfiledCodeHeapSize                  = 122910970                              {pd product} {ergonomic}
    uintx ProfiledCodeHeapSize                     = 122910970                              {pd product} {ergonomic}
    uintx ReservedCodeCacheSize                    = 251658240                              {pd product} {ergonomic}
     bool SegmentedCodeCache                       = true                                      {product} {ergonomic}
     bool UseCompressedClassPointers               = true                                 {lp64_product} {ergonomic}
     bool UseCompressedOops                        = true                                 {lp64_product} {ergonomic}
     bool UseG1GC                                  = true                                      {product} {ergonomic}
     bool UseLargePagesIndividualAllocation        = false                                  {pd product} {ergonomic}

Logging:
Log output configuration:
 #0: stdout all=warning uptime,level,tags
 #1: stderr all=off uptime,level,tags

Environment Variables:
JAVA_HOME=D:\Java\jdk1.8.0_291
PATH=D:\Git\mingw64\libexec\git-core;D:\Git\mingw64\libexec\git-core;D:\Git\mingw64\bin;D:\Git\usr\bin;C:\Users\KAYAK\bin;D:\VMware Workstation\bin;D:\app\KAYAK\product\11.2.0\dbhome_1\bin;C:\Windows\system32;C:\Windows;C:\Windows\System32\Wbem;C:\Windows\System32\WindowsPowerShell\v1.0;C:\Windows\System32\OpenSSH;D:\Java\jdk1.8.0_291\bin;D:\Git\cmd;D:\apache-maven-3.8.1\bin;D:\Xshell 7;C:\Xftp 7;D:\TortoiseGit\bin;E:\nodejs_files\node_global;D:\nodejs;D:\mysql-5.7.34-winx64\bin;C:\Users\KAYAK\AppData\Local\Microsoft\WindowsApps;D:\Bandizip;D:\Microsoft VS Code\bin;C:\Users\KAYAK\AppData\Roaming\npm;D:\JetBrains\IntelliJ IDEA 2021.2.3\bin
USERNAME=KAYAK
DISPLAY=:0.0
LC_ALL=en_US.UTF-8
OS=Windows_NT
PROCESSOR_IDENTIFIER=AMD64 Family 23 Model 24 Stepping 1, AuthenticAMD



---------------  S Y S T E M  ---------------

OS: Windows 10 , 64 bit Build 19041 (10.0.19041.1348)
OS uptime: 0 days 1:00 hours
Hyper-V role detected

CPU:total 8 (initial active 8) (8 cores per cpu, 2 threads per core) family 23 model 24 stepping 1 microcode 0x0, cmov, cx8, fxsr, mmx, sse, sse2, sse3, ssse3, sse4.1, sse4.2, popcnt, avx, avx2, aes, clmul, mmxext, 3dnowpref, lzcnt, sse4a, ht, tsc, tscinvbit, tscinv, bmi1, bmi2, adx, sha, fma

Memory: 4k page, system-wide physical 15295M (5984M free)
TotalPageFile size 30655M (AvailPageFile size 107M)
current process WorkingSet (physical memory assigned to process): 10M, peak: 10M
current process commit charge ("private bytes"): 60M, peak: 300M

vm_info: OpenJDK 64-Bit Server VM (11.0.12+7-b1504.40) for windows-amd64 JRE (11.0.12+7-b1504.40), built on Sep 23 2021 14:38:03 by "" with MS VC++ 14.0 (VS2015)

END.
